2021-12-19 21:32:49.879 [34mINFO [0;39m [kground-preinit] [36mo.h.validator.internal.util.Version[0;39m[ 21] : HV000001: Hibernate Validator 6.1.7.Final
2021-12-19 21:32:50.901 [34mINFO [0;39m [           main] [36morg.reflections.Reflections        [0;39m[232] : Reflections took 25 ms to scan 1 urls, producing 3 keys and 6 values 
2021-12-19 21:32:50.926 [34mINFO [0;39m [           main] [36morg.reflections.Reflections        [0;39m[232] : Reflections took 12 ms to scan 1 urls, producing 4 keys and 9 values 
2021-12-19 21:32:50.938 [34mINFO [0;39m [           main] [36morg.reflections.Reflections        [0;39m[232] : Reflections took 10 ms to scan 1 urls, producing 3 keys and 10 values 
2021-12-19 21:32:51.083 [34mINFO [0;39m [           main] [36morg.reflections.Reflections        [0;39m[232] : Reflections took 142 ms to scan 217 urls, producing 0 keys and 0 values 
2021-12-19 21:32:51.093 [34mINFO [0;39m [           main] [36morg.reflections.Reflections        [0;39m[232] : Reflections took 9 ms to scan 1 urls, producing 1 keys and 5 values 
2021-12-19 21:32:51.105 [34mINFO [0;39m [           main] [36morg.reflections.Reflections        [0;39m[232] : Reflections took 9 ms to scan 1 urls, producing 1 keys and 7 values 
2021-12-19 21:32:51.116 [34mINFO [0;39m [           main] [36morg.reflections.Reflections        [0;39m[232] : Reflections took 9 ms to scan 1 urls, producing 2 keys and 8 values 
2021-12-19 21:32:51.246 [34mINFO [0;39m [           main] [36morg.reflections.Reflections        [0;39m[232] : Reflections took 128 ms to scan 217 urls, producing 0 keys and 0 values 
2021-12-19 21:32:53.539 [31mWARN [0;39m [           main] [36m.a.c.n.c.NacosPropertySourceBuilder[0;39m[ 87] : Ignore the empty nacos configuration and get it based on dataId[cloud-api] & group[DEFAULT_GROUP]
2021-12-19 21:32:53.545 [31mWARN [0;39m [           main] [36m.a.c.n.c.NacosPropertySourceBuilder[0;39m[ 87] : Ignore the empty nacos configuration and get it based on dataId[cloud-api.yml] & group[DEFAULT_GROUP]
2021-12-19 21:32:53.549 [31mWARN [0;39m [           main] [36m.a.c.n.c.NacosPropertySourceBuilder[0;39m[ 87] : Ignore the empty nacos configuration and get it based on dataId[cloud-api-dev.yml] & group[DEFAULT_GROUP]
2021-12-19 21:32:53.550 [34mINFO [0;39m [           main] [36mropertySourceBootstrapConfiguration[0;39m[112] : Located property source: [BootstrapPropertySource {name='bootstrapProperties-cloud-api-dev.yml,DEFAULT_GROUP'}, BootstrapPropertySource {name='bootstrapProperties-cloud-api.yml,DEFAULT_GROUP'}, BootstrapPropertySource {name='bootstrapProperties-cloud-api,DEFAULT_GROUP'}]
2021-12-19 21:32:53.553 [34mINFO [0;39m [           main] [36mcom.huma.cloud.ApiApplication      [0;39m[652] : The following profiles are active: dev
2021-12-19 21:32:54.469 [31mWARN [0;39m [           main] [36mo.s.b.actuate.endpoint.EndpointId  [0;39m[155] : Endpoint ID 'service-registry' contains invalid characters, please migrate to a valid format.
2021-12-19 21:32:54.548 [31mWARN [0;39m [           main] [36mo.m.s.mapper.ClassPathMapperScanner[0;39m[ 44] : No MyBatis mapper was found in '[com.huma.cloud.mapper]' package. Please check your configuration.
2021-12-19 21:32:54.617 [34mINFO [0;39m [           main] [36mo.s.c.context.scope.GenericScope   [0;39m[295] : BeanFactory id=79b6d397-e56f-3d9a-b1af-72fe221df96f
2021-12-19 21:32:54.858 [34mINFO [0;39m [           main] [36monDelegate$BeanPostProcessorChecker[0;39m[335] : Bean 'spring.cloud.sentinel-com.alibaba.cloud.sentinel.SentinelProperties' of type [com.alibaba.cloud.sentinel.SentinelProperties] is not eligible for getting processed by all BeanPostProcessors (for example: not eligible for auto-proxying)
2021-12-19 21:32:54.901 [34mINFO [0;39m [           main] [36monDelegate$BeanPostProcessorChecker[0;39m[335] : Bean 'com.alibaba.cloud.sentinel.custom.SentinelAutoConfiguration' of type [com.alibaba.cloud.sentinel.custom.SentinelAutoConfiguration] is not eligible for getting processed by all BeanPostProcessors (for example: not eligible for auto-proxying)
2021-12-19 21:32:55.071 [31mWARN [0;39m [           main] [36mio.undertow.websockets.jsr         [0;39m[ 68] : UT026010: Buffer pool was not set on WebSocketDeploymentInfo, the default pool will be used
2021-12-19 21:32:55.091 [34mINFO [0;39m [           main] [36mio.undertow.servlet                [0;39m[371] : Initializing Spring embedded WebApplicationContext
2021-12-19 21:32:55.092 [34mINFO [0;39m [           main] [36m.ServletWebServerApplicationContext[0;39m[285] : Root WebApplicationContext: initialization completed in 1519 ms
2021-12-19 21:32:56.511 [34mINFO [0;39m [           main] [36mo.s.b.a.e.web.EndpointLinksResolver[0;39m[ 58] : Exposing 2 endpoint(s) beneath base path '/actuator'
2021-12-19 21:32:56.706 [31mWARN [0;39m [           main] [36mc.n.c.s.URLConfigurationSource     [0;39m[126] : No URLs will be polled as dynamic configuration sources.
2021-12-19 21:32:56.707 [34mINFO [0;39m [           main] [36mc.n.c.s.URLConfigurationSource     [0;39m[127] : To enable URLs as dynamic configuration sources, define System property archaius.configurationSource.additionalUrls or make config.properties available on classpath.
2021-12-19 21:32:56.710 [31mWARN [0;39m [           main] [36mc.n.c.s.URLConfigurationSource     [0;39m[126] : No URLs will be polled as dynamic configuration sources.
2021-12-19 21:32:56.710 [34mINFO [0;39m [           main] [36mc.n.c.s.URLConfigurationSource     [0;39m[127] : To enable URLs as dynamic configuration sources, define System property archaius.configurationSource.additionalUrls or make config.properties available on classpath.
2021-12-19 21:32:56.747 [34mINFO [0;39m [           main] [36mo.s.s.c.ThreadPoolTaskScheduler    [0;39m[181] : Initializing ExecutorService 'Nacos-Watch-Task-Scheduler'
2021-12-19 21:32:58.784 [34mINFO [0;39m [           main] [36mo.s.s.c.ThreadPoolTaskScheduler    [0;39m[181] : Initializing ExecutorService 'taskScheduler'
2021-12-19 21:32:59.605 [34mINFO [0;39m [           main] [36mio.undertow                        [0;39m[117] : starting server: Undertow - 2.1.7.Final
2021-12-19 21:32:59.611 [34mINFO [0;39m [           main] [36morg.xnio                           [0;39m[ 95] : XNIO version 3.8.0.Final
2021-12-19 21:32:59.618 [34mINFO [0;39m [           main] [36morg.xnio.nio                       [0;39m[ 59] : XNIO NIO Implementation Version 3.8.0.Final
2021-12-19 21:32:59.645 [34mINFO [0;39m [           main] [36morg.jboss.threads                  [0;39m[ 52] : JBoss Threads version 3.1.0.Final
2021-12-19 21:32:59.705 [34mINFO [0;39m [           main] [36mo.s.b.w.e.u.UndertowWebServer      [0;39m[133] : Undertow started on port(s) 7100 (http) with context path '/cloud-api'
2021-12-19 21:32:59.715 [34mINFO [0;39m [           main] [36mc.a.c.n.r.NacosServiceRegistry     [0;39m[ 75] : nacos registry, DEFAULT_GROUP cloud-api 192.168.3.35:7100 register finished
2021-12-19 21:33:00.637 [34mINFO [0;39m [           main] [36mcom.huma.cloud.ApiApplication      [0;39m[ 61] : Started ApiApplication in 11.838 seconds (JVM running for 12.759)
2021-12-19 21:33:01.387 [34mINFO [0;39m [2)-192.168.3.35] [36mio.undertow.servlet                [0;39m[371] : Initializing Spring DispatcherServlet 'dispatcherServlet'
2021-12-19 21:33:01.387 [34mINFO [0;39m [2)-192.168.3.35] [36mo.s.web.servlet.DispatcherServlet  [0;39m[525] : Initializing Servlet 'dispatcherServlet'
2021-12-19 21:33:01.399 [34mINFO [0;39m [2)-192.168.3.35] [36mo.s.web.servlet.DispatcherServlet  [0;39m[547] : Completed initialization in 12 ms
2021-12-19 21:33:01.412 [34mINFO [0;39m [1)-192.168.3.35] [36mcom.zaxxer.hikari.HikariDataSource [0;39m[110] : HikariPool-1 - Starting...
2021-12-19 21:33:01.681 [34mINFO [0;39m [1)-192.168.3.35] [36mcom.zaxxer.hikari.HikariDataSource [0;39m[123] : HikariPool-1 - Start completed.
2021-12-19 21:38:49.195 [31mWARN [0;39m [      Thread-10] [36mc.a.n.common.notify.NotifyCenter   [0;39m[136] : [NotifyCenter] Start destroying Publisher
2021-12-19 21:38:49.195 [31mWARN [0;39m [       Thread-3] [36mc.a.n.c.http.HttpClientBeanHolder  [0;39m[108] : [HttpClientBeanHolder] Start destroying common HttpClient
2021-12-19 21:38:49.196 [31mWARN [0;39m [      Thread-10] [36mc.a.n.common.notify.NotifyCenter   [0;39m[153] : [NotifyCenter] Destruction of the end
2021-12-19 21:38:49.198 [31mWARN [0;39m [       Thread-3] [36mc.a.n.c.http.HttpClientBeanHolder  [0;39m[114] : [HttpClientBeanHolder] Destruction of the end
2021-12-19 21:38:49.200 [34mINFO [0;39m [extShutdownHook] [36mio.undertow                        [0;39m[252] : stopping server: Undertow - 2.1.7.Final
2021-12-19 21:38:49.205 [34mINFO [0;39m [extShutdownHook] [36mio.undertow.servlet                [0;39m[371] : Destroying Spring FrameworkServlet 'dispatcherServlet'
2021-12-19 21:38:49.206 [34mINFO [0;39m [extShutdownHook] [36mo.s.s.c.ThreadPoolTaskScheduler    [0;39m[218] : Shutting down ExecutorService 'Nacos-Watch-Task-Scheduler'
2021-12-19 21:38:49.209 [1;31mERROR[0;39m [extShutdownHook] [36mc.a.c.nacos.discovery.NacosWatch   [0;39m[181] : namingService unsubscribe failed, properties:NacosDiscoveryProperties{serverAddr='localhost:8848', endpoint='', namespace='', watchDelay=30000, logName='', service='cloud-api', weight=1.0, clusterName='DEFAULT', group='DEFAULT_GROUP', namingLoadCacheAtStart='false', metadata={preserved.register.source=SPRING_CLOUD, version=v1}, registerEnabled=true, ip='192.168.3.35', networkInterface='', port=7100, secure=false, accessKey='', secretKey='', heartBeatInterval=null, heartBeatTimeout=null, ipDeleteTimeout=null, failFast=true}
java.lang.IllegalStateException: UT015023: This Context has been already destroyed
	at io.undertow.servlet.spec.ServletContextImpl.getDeploymentInfo(ServletContextImpl.java:211)
	at io.undertow.servlet.spec.ServletContextImpl.getInitParameterNames(ServletContextImpl.java:438)
	at org.springframework.web.context.support.ServletContextPropertySource.getPropertyNames(ServletContextPropertySource.java:41)
	at com.alibaba.spring.util.PropertySourcesUtils.getPropertyNames(PropertySourcesUtils.java:130)
	at com.alibaba.spring.util.PropertySourcesUtils.getSubProperties(PropertySourcesUtils.java:103)
	at com.alibaba.spring.util.PropertySourcesUtils.getSubProperties(PropertySourcesUtils.java:57)
	at com.alibaba.cloud.nacos.NacosDiscoveryProperties.enrichNacosDiscoveryProperties(NacosDiscoveryProperties.java:631)
	at com.alibaba.cloud.nacos.NacosDiscoveryProperties.getNacosProperties(NacosDiscoveryProperties.java:625)
	at com.alibaba.cloud.nacos.discovery.NacosWatch.stop(NacosWatch.java:176)
	at com.alibaba.cloud.nacos.discovery.NacosWatch.stop(NacosWatch.java:108)
	at org.springframework.context.support.DefaultLifecycleProcessor.doStop(DefaultLifecycleProcessor.java:238)
	at org.springframework.context.support.DefaultLifecycleProcessor.access$300(DefaultLifecycleProcessor.java:53)
	at org.springframework.context.support.DefaultLifecycleProcessor$LifecycleGroup.stop(DefaultLifecycleProcessor.java:377)
	at org.springframework.context.support.DefaultLifecycleProcessor.stopBeans(DefaultLifecycleProcessor.java:210)
	at org.springframework.context.support.DefaultLifecycleProcessor.onClose(DefaultLifecycleProcessor.java:128)
	at org.springframework.context.support.AbstractApplicationContext.doClose(AbstractApplicationContext.java:1022)
	at org.springframework.boot.web.servlet.context.ServletWebServerApplicationContext.doClose(ServletWebServerApplicationContext.java:170)
	at org.springframework.context.support.AbstractApplicationContext$1.run(AbstractApplicationContext.java:949)
2021-12-19 21:38:49.210 [34mINFO [0;39m [extShutdownHook] [36mo.s.s.c.ThreadPoolTaskScheduler    [0;39m[218] : Shutting down ExecutorService 'taskScheduler'
2021-12-19 21:38:49.211 [34mINFO [0;39m [extShutdownHook] [36mc.a.c.n.r.NacosServiceRegistry     [0;39m[ 94] : De-registering from Nacos Server now...
2021-12-19 21:38:49.212 [31mWARN [0;39m [extShutdownHook] [36ma.CommonAnnotationBeanPostProcessor[0;39m[185] : Destroy method on bean with name 'nacosAutoServiceRegistration' threw an exception: java.lang.IllegalStateException: UT015023: This Context has been already destroyed
2021-12-19 21:38:49.560 [34mINFO [0;39m [extShutdownHook] [36mcom.zaxxer.hikari.HikariDataSource [0;39m[350] : HikariPool-1 - Shutdown initiated...
2021-12-19 21:38:49.570 [34mINFO [0;39m [extShutdownHook] [36mcom.zaxxer.hikari.HikariDataSource [0;39m[352] : HikariPool-1 - Shutdown completed.
2021-12-19 21:39:20.224 [34mINFO [0;39m [kground-preinit] [36mo.h.validator.internal.util.Version[0;39m[ 21] : HV000001: Hibernate Validator 6.1.7.Final
2021-12-19 21:39:21.455 [34mINFO [0;39m [           main] [36morg.reflections.Reflections        [0;39m[232] : Reflections took 31 ms to scan 1 urls, producing 3 keys and 6 values 
2021-12-19 21:39:21.484 [34mINFO [0;39m [           main] [36morg.reflections.Reflections        [0;39m[232] : Reflections took 14 ms to scan 1 urls, producing 4 keys and 9 values 
2021-12-19 21:39:21.498 [34mINFO [0;39m [           main] [36morg.reflections.Reflections        [0;39m[232] : Reflections took 12 ms to scan 1 urls, producing 3 keys and 10 values 
2021-12-19 21:39:21.669 [34mINFO [0;39m [           main] [36morg.reflections.Reflections        [0;39m[232] : Reflections took 166 ms to scan 217 urls, producing 0 keys and 0 values 
2021-12-19 21:39:21.679 [34mINFO [0;39m [           main] [36morg.reflections.Reflections        [0;39m[232] : Reflections took 9 ms to scan 1 urls, producing 1 keys and 5 values 
2021-12-19 21:39:21.692 [34mINFO [0;39m [           main] [36morg.reflections.Reflections        [0;39m[232] : Reflections took 10 ms to scan 1 urls, producing 1 keys and 7 values 
2021-12-19 21:39:21.705 [34mINFO [0;39m [           main] [36morg.reflections.Reflections        [0;39m[232] : Reflections took 10 ms to scan 1 urls, producing 2 keys and 8 values 
2021-12-19 21:39:21.871 [34mINFO [0;39m [           main] [36morg.reflections.Reflections        [0;39m[232] : Reflections took 164 ms to scan 217 urls, producing 0 keys and 0 values 
2021-12-19 21:39:24.155 [31mWARN [0;39m [           main] [36m.a.c.n.c.NacosPropertySourceBuilder[0;39m[ 87] : Ignore the empty nacos configuration and get it based on dataId[cloud-api] & group[DEFAULT_GROUP]
2021-12-19 21:39:24.161 [31mWARN [0;39m [           main] [36m.a.c.n.c.NacosPropertySourceBuilder[0;39m[ 87] : Ignore the empty nacos configuration and get it based on dataId[cloud-api.yml] & group[DEFAULT_GROUP]
2021-12-19 21:39:24.166 [31mWARN [0;39m [           main] [36m.a.c.n.c.NacosPropertySourceBuilder[0;39m[ 87] : Ignore the empty nacos configuration and get it based on dataId[cloud-api-dev.yml] & group[DEFAULT_GROUP]
2021-12-19 21:39:24.167 [34mINFO [0;39m [           main] [36mropertySourceBootstrapConfiguration[0;39m[112] : Located property source: [BootstrapPropertySource {name='bootstrapProperties-cloud-api-dev.yml,DEFAULT_GROUP'}, BootstrapPropertySource {name='bootstrapProperties-cloud-api.yml,DEFAULT_GROUP'}, BootstrapPropertySource {name='bootstrapProperties-cloud-api,DEFAULT_GROUP'}]
2021-12-19 21:39:24.171 [34mINFO [0;39m [           main] [36mcom.huma.cloud.ApiApplication      [0;39m[652] : The following profiles are active: dev
2021-12-19 21:39:25.237 [31mWARN [0;39m [           main] [36mo.s.b.actuate.endpoint.EndpointId  [0;39m[155] : Endpoint ID 'service-registry' contains invalid characters, please migrate to a valid format.
2021-12-19 21:39:25.331 [31mWARN [0;39m [           main] [36mo.m.s.mapper.ClassPathMapperScanner[0;39m[ 44] : No MyBatis mapper was found in '[com.huma.cloud.mapper]' package. Please check your configuration.
2021-12-19 21:39:25.408 [34mINFO [0;39m [           main] [36mo.s.c.context.scope.GenericScope   [0;39m[295] : BeanFactory id=79b6d397-e56f-3d9a-b1af-72fe221df96f
2021-12-19 21:39:25.679 [34mINFO [0;39m [           main] [36monDelegate$BeanPostProcessorChecker[0;39m[335] : Bean 'spring.cloud.sentinel-com.alibaba.cloud.sentinel.SentinelProperties' of type [com.alibaba.cloud.sentinel.SentinelProperties] is not eligible for getting processed by all BeanPostProcessors (for example: not eligible for auto-proxying)
2021-12-19 21:39:25.726 [34mINFO [0;39m [           main] [36monDelegate$BeanPostProcessorChecker[0;39m[335] : Bean 'com.alibaba.cloud.sentinel.custom.SentinelAutoConfiguration' of type [com.alibaba.cloud.sentinel.custom.SentinelAutoConfiguration] is not eligible for getting processed by all BeanPostProcessors (for example: not eligible for auto-proxying)
2021-12-19 21:39:25.912 [31mWARN [0;39m [           main] [36mio.undertow.websockets.jsr         [0;39m[ 68] : UT026010: Buffer pool was not set on WebSocketDeploymentInfo, the default pool will be used
2021-12-19 21:39:25.932 [34mINFO [0;39m [           main] [36mio.undertow.servlet                [0;39m[371] : Initializing Spring embedded WebApplicationContext
2021-12-19 21:39:25.933 [34mINFO [0;39m [           main] [36m.ServletWebServerApplicationContext[0;39m[285] : Root WebApplicationContext: initialization completed in 1742 ms
2021-12-19 21:39:27.403 [34mINFO [0;39m [           main] [36mo.s.b.a.e.web.EndpointLinksResolver[0;39m[ 58] : Exposing 2 endpoint(s) beneath base path '/actuator'
2021-12-19 21:39:27.644 [31mWARN [0;39m [           main] [36mc.n.c.s.URLConfigurationSource     [0;39m[126] : No URLs will be polled as dynamic configuration sources.
2021-12-19 21:39:27.645 [34mINFO [0;39m [           main] [36mc.n.c.s.URLConfigurationSource     [0;39m[127] : To enable URLs as dynamic configuration sources, define System property archaius.configurationSource.additionalUrls or make config.properties available on classpath.
2021-12-19 21:39:27.649 [31mWARN [0;39m [           main] [36mc.n.c.s.URLConfigurationSource     [0;39m[126] : No URLs will be polled as dynamic configuration sources.
2021-12-19 21:39:27.649 [34mINFO [0;39m [           main] [36mc.n.c.s.URLConfigurationSource     [0;39m[127] : To enable URLs as dynamic configuration sources, define System property archaius.configurationSource.additionalUrls or make config.properties available on classpath.
2021-12-19 21:39:27.683 [34mINFO [0;39m [           main] [36mo.s.s.c.ThreadPoolTaskScheduler    [0;39m[181] : Initializing ExecutorService 'Nacos-Watch-Task-Scheduler'
2021-12-19 21:39:29.584 [34mINFO [0;39m [           main] [36mo.s.s.c.ThreadPoolTaskScheduler    [0;39m[181] : Initializing ExecutorService 'taskScheduler'
2021-12-19 21:39:30.598 [34mINFO [0;39m [           main] [36mio.undertow                        [0;39m[117] : starting server: Undertow - 2.1.7.Final
2021-12-19 21:39:30.606 [34mINFO [0;39m [           main] [36morg.xnio                           [0;39m[ 95] : XNIO version 3.8.0.Final
2021-12-19 21:39:30.614 [34mINFO [0;39m [           main] [36morg.xnio.nio                       [0;39m[ 59] : XNIO NIO Implementation Version 3.8.0.Final
2021-12-19 21:39:30.647 [34mINFO [0;39m [           main] [36morg.jboss.threads                  [0;39m[ 52] : JBoss Threads version 3.1.0.Final
2021-12-19 21:39:30.695 [34mINFO [0;39m [           main] [36mo.s.b.w.e.u.UndertowWebServer      [0;39m[133] : Undertow started on port(s) 7100 (http) with context path '/cloud-api'
2021-12-19 21:39:30.706 [34mINFO [0;39m [           main] [36mc.a.c.n.r.NacosServiceRegistry     [0;39m[ 75] : nacos registry, DEFAULT_GROUP cloud-api 192.168.3.35:7100 register finished
2021-12-19 21:39:31.613 [34mINFO [0;39m [           main] [36mcom.huma.cloud.ApiApplication      [0;39m[ 61] : Started ApiApplication in 13.028 seconds (JVM running for 14.584)
2021-12-19 21:39:32.451 [34mINFO [0;39m [1)-192.168.3.35] [36mio.undertow.servlet                [0;39m[371] : Initializing Spring DispatcherServlet 'dispatcherServlet'
2021-12-19 21:39:32.452 [34mINFO [0;39m [1)-192.168.3.35] [36mo.s.web.servlet.DispatcherServlet  [0;39m[525] : Initializing Servlet 'dispatcherServlet'
2021-12-19 21:39:32.461 [34mINFO [0;39m [1)-192.168.3.35] [36mo.s.web.servlet.DispatcherServlet  [0;39m[547] : Completed initialization in 9 ms
2021-12-19 21:39:32.479 [34mINFO [0;39m [2)-192.168.3.35] [36mcom.zaxxer.hikari.HikariDataSource [0;39m[110] : HikariPool-1 - Starting...
2021-12-19 21:39:32.767 [34mINFO [0;39m [2)-192.168.3.35] [36mcom.zaxxer.hikari.HikariDataSource [0;39m[123] : HikariPool-1 - Start completed.
